[2021-07-05 16:22:22,754] multiqc                                            [DEBUG  ]  This is MultiQC v1.11
[2021-07-05 16:22:22,755] multiqc                                            [DEBUG  ]  No MultiQC config found: /data/home/kraken049/miniconda3/lib/python3.9/site-packages/multiqc_config.yaml
[2021-07-05 16:22:22,755] multiqc                                            [DEBUG  ]  No MultiQC config found: /data/home/kraken049/.multiqc_config.yaml
[2021-07-05 16:22:22,755] multiqc                                            [DEBUG  ]  No MultiQC config found: multiqc_config.yaml
[2021-07-05 16:22:22,755] multiqc                                            [DEBUG  ]  Command used: /data/home/kraken049/miniconda3/bin/multiqc -o fastp-report reports/
[2021-07-05 16:22:22,847] multiqc                                            [DEBUG  ]  Latest MultiQC version is v1.11
[2021-07-05 16:22:22,847] multiqc                                            [DEBUG  ]  Command     : /data/home/kraken049/miniconda3/bin/multiqc -o fastp-report reports/
[2021-07-05 16:22:22,847] multiqc                                            [DEBUG  ]  Working dir : /data/home/kraken049/kraken-ws
[2021-07-05 16:22:22,847] multiqc                                            [DEBUG  ]  Template    : default
[2021-07-05 16:22:22,847] multiqc                                            [DEBUG  ]  Running Python 3.9.1 (default, Dec 11 2020, 14:32:07)  [GCC 7.3.0]
[2021-07-05 16:22:22,848] multiqc                                            [DEBUG  ]  Analysing modules: custom_content, ccs, ngsderive, purple, conpair, lima, peddy, somalier, methylQA, mosdepth, phantompeakqualtools, qualimap, preseq, quast, qorts, rna_seqc, rockhopper, rsem, rseqc, busco, bustools, goleft_indexcov, gffcompare, disambiguate, supernova, deeptools, sargasso, verifybamid, mirtrace, happy, mirtop, sambamba, homer, hops, macs2, theta2, snpeff, gatk, htseq, bcftools, featureCounts, fgbio, dragen, dedup, damageprofiler, biobambam2, jcvi, mtnucratio, picard, vep, sentieon, prokka, qc3C, nanostat, samblaster, samtools, sexdeterrmine, eigenstratdatabasetools, bamtools, jellyfish, vcftools, longranger, stacks, varscan2, snippy, bbmap, bismark, biscuit, hicexplorer, hicup, hicpro, salmon, kallisto, slamdunk, star, hisat2, tophat, bowtie2, bowtie1, snpsplit, odgi, pangolin, kat, leehom, adapterRemoval, clipandmerge, cutadapt, flexbar, kaiju, kraken, malt, trimmomatic, sickle, skewer, sortmerna, biobloomtools, fastq_screen, afterqc, fastp, fastqc, pychopper, pycoqc, minionqc, multivcfanalyzer, clusterflow, bcl2fastq, bclconvert, interop, ivar, flash, seqyclean, optitype
[2021-07-05 16:22:22,848] multiqc                                            [DEBUG  ]  Using temporary directory for creating report: /tmp/tmpax0lbp91
[2021-07-05 16:22:22,968] multiqc                                            [INFO   ]  Search path : /data/home/kraken049/kraken-ws/reports
[2021-07-05 16:22:22,988] multiqc                                            [DEBUG  ]  Ignoring file as matched an ignore pattern: Sample13.html
[2021-07-05 16:22:22,988] multiqc                                            [DEBUG  ]  Ignoring file as matched an ignore pattern: Sample22.html
[2021-07-05 16:22:22,988] multiqc                                            [DEBUG  ]  Ignoring file as matched an ignore pattern: Sample25.html
[2021-07-05 16:22:22,988] multiqc                                            [DEBUG  ]  Ignoring file as matched an ignore pattern: Sample30.html
[2021-07-05 16:22:22,989] multiqc                                            [DEBUG  ]  Ignoring file as matched an ignore pattern: Sample31.html
[2021-07-05 16:22:23,020] multiqc                                            [DEBUG  ]  File ignored by ccs/v4 because it exceeded search pattern filesize limit: Sample3.html
[2021-07-05 16:22:23,023] multiqc                                            [DEBUG  ]  File ignored by hicexplorer because it exceeded search pattern filesize limit: Sample3.html
[2021-07-05 16:22:23,023] multiqc                                            [DEBUG  ]  File ignored by nanostat because it exceeded search pattern filesize limit: Sample3.html
[2021-07-05 16:22:23,023] multiqc                                            [DEBUG  ]  File ignored by lima/summary because it exceeded search pattern filesize limit: Sample3.html
[2021-07-05 16:22:23,028] multiqc                                            [DEBUG  ]  File ignored by vep/vep_txt because it exceeded search pattern filesize limit: Sample3.html
[2021-07-05 16:22:23,028] multiqc                                            [DEBUG  ]  File ignored by longranger/invocation because it exceeded search pattern filesize limit: Sample3.html
[2021-07-05 16:22:23,028] multiqc                                            [DEBUG  ]  File ignored by rockhopper because it exceeded search pattern filesize limit: Sample3.html
[2021-07-05 16:22:23,028] multiqc                                            [DEBUG  ]  File ignored by rseqc/bam_stat because it exceeded search pattern filesize limit: Sample3.html
[2021-07-05 16:22:23,029] multiqc                                            [DEBUG  ]  File ignored by rseqc/junction_annotation because it exceeded search pattern filesize limit: Sample3.html
[2021-07-05 16:22:23,029] multiqc                                            [DEBUG  ]  File ignored by rseqc/read_distribution because it exceeded search pattern filesize limit: Sample3.html
[2021-07-05 16:22:23,029] multiqc                                            [DEBUG  ]  File ignored by rseqc/infer_experiment because it exceeded search pattern filesize limit: Sample3.html
[2021-07-05 16:22:23,203] multiqc                                            [DEBUG  ]  File ignored by ccs/v4 because it exceeded search pattern filesize limit: Sample4.html
[2021-07-05 16:22:23,205] multiqc                                            [DEBUG  ]  File ignored by hicexplorer because it exceeded search pattern filesize limit: Sample4.html
[2021-07-05 16:22:23,205] multiqc                                            [DEBUG  ]  File ignored by nanostat because it exceeded search pattern filesize limit: Sample4.html
[2021-07-05 16:22:23,205] multiqc                                            [DEBUG  ]  File ignored by lima/summary because it exceeded search pattern filesize limit: Sample4.html
[2021-07-05 16:22:23,209] multiqc                                            [DEBUG  ]  File ignored by vep/vep_txt because it exceeded search pattern filesize limit: Sample4.html
[2021-07-05 16:22:23,209] multiqc                                            [DEBUG  ]  File ignored by longranger/invocation because it exceeded search pattern filesize limit: Sample4.html
[2021-07-05 16:22:23,209] multiqc                                            [DEBUG  ]  File ignored by rockhopper because it exceeded search pattern filesize limit: Sample4.html
[2021-07-05 16:22:23,209] multiqc                                            [DEBUG  ]  File ignored by rseqc/bam_stat because it exceeded search pattern filesize limit: Sample4.html
[2021-07-05 16:22:23,209] multiqc                                            [DEBUG  ]  File ignored by rseqc/junction_annotation because it exceeded search pattern filesize limit: Sample4.html
[2021-07-05 16:22:23,209] multiqc                                            [DEBUG  ]  File ignored by rseqc/read_distribution because it exceeded search pattern filesize limit: Sample4.html
[2021-07-05 16:22:23,209] multiqc                                            [DEBUG  ]  File ignored by rseqc/infer_experiment because it exceeded search pattern filesize limit: Sample4.html
[2021-07-05 16:22:23,376] multiqc                                            [DEBUG  ]  File ignored by ccs/v4 because it exceeded search pattern filesize limit: Sample6.html
[2021-07-05 16:22:23,378] multiqc                                            [DEBUG  ]  File ignored by hicexplorer because it exceeded search pattern filesize limit: Sample6.html
[2021-07-05 16:22:23,378] multiqc                                            [DEBUG  ]  File ignored by nanostat because it exceeded search pattern filesize limit: Sample6.html
[2021-07-05 16:22:23,378] multiqc                                            [DEBUG  ]  File ignored by lima/summary because it exceeded search pattern filesize limit: Sample6.html
[2021-07-05 16:22:23,382] multiqc                                            [DEBUG  ]  File ignored by vep/vep_txt because it exceeded search pattern filesize limit: Sample6.html
[2021-07-05 16:22:23,382] multiqc                                            [DEBUG  ]  File ignored by longranger/invocation because it exceeded search pattern filesize limit: Sample6.html
[2021-07-05 16:22:23,382] multiqc                                            [DEBUG  ]  File ignored by rockhopper because it exceeded search pattern filesize limit: Sample6.html
[2021-07-05 16:22:23,382] multiqc                                            [DEBUG  ]  File ignored by rseqc/bam_stat because it exceeded search pattern filesize limit: Sample6.html
[2021-07-05 16:22:23,382] multiqc                                            [DEBUG  ]  File ignored by rseqc/junction_annotation because it exceeded search pattern filesize limit: Sample6.html
[2021-07-05 16:22:23,382] multiqc                                            [DEBUG  ]  File ignored by rseqc/read_distribution because it exceeded search pattern filesize limit: Sample6.html
[2021-07-05 16:22:23,382] multiqc                                            [DEBUG  ]  File ignored by rseqc/infer_experiment because it exceeded search pattern filesize limit: Sample6.html
[2021-07-05 16:22:23,941] multiqc.plots.bargraph                             [DEBUG  ]  Using matplotlib version 3.4.2
[2021-07-05 16:22:23,941] multiqc.plots.linegraph                            [DEBUG  ]  Using matplotlib version 3.4.2
[2021-07-05 16:22:23,943] multiqc                                            [DEBUG  ]  No samples found: custom_content
[2021-07-05 16:22:23,949] multiqc                                            [DEBUG  ]  No samples found: ccs
[2021-07-05 16:22:23,956] multiqc                                            [DEBUG  ]  No samples found: ngsderive
[2021-07-05 16:22:23,962] multiqc                                            [DEBUG  ]  No samples found: purple
[2021-07-05 16:22:23,968] multiqc                                            [DEBUG  ]  No samples found: conpair
[2021-07-05 16:22:23,975] multiqc                                            [DEBUG  ]  No samples found: lima
[2021-07-05 16:22:23,981] multiqc                                            [DEBUG  ]  No samples found: peddy
[2021-07-05 16:22:23,987] multiqc                                            [DEBUG  ]  No samples found: somalier
[2021-07-05 16:22:23,993] multiqc                                            [DEBUG  ]  No samples found: methylQA
[2021-07-05 16:22:24,001] multiqc.modules.mosdepth.mosdepth                  [DEBUG  ]  include_contigs: []
[2021-07-05 16:22:24,001] multiqc.modules.mosdepth.mosdepth                  [DEBUG  ]  exclude_contigs: []
[2021-07-05 16:22:24,001] multiqc                                            [DEBUG  ]  No samples found: mosdepth
[2021-07-05 16:22:24,007] multiqc                                            [DEBUG  ]  No samples found: phantompeakqualtools
[2021-07-05 16:22:24,013] multiqc                                            [DEBUG  ]  No samples found: qualimap
[2021-07-05 16:22:24,019] multiqc                                            [DEBUG  ]  No samples found: preseq
[2021-07-05 16:22:24,026] multiqc                                            [DEBUG  ]  No samples found: quast
[2021-07-05 16:22:24,032] multiqc                                            [DEBUG  ]  No samples found: qorts
[2021-07-05 16:22:24,038] multiqc                                            [DEBUG  ]  No samples found: rna_seqc
[2021-07-05 16:22:24,044] multiqc                                            [DEBUG  ]  No samples found: rockhopper
[2021-07-05 16:22:24,050] multiqc                                            [DEBUG  ]  No samples found: rsem
[2021-07-05 16:22:24,059] multiqc                                            [DEBUG  ]  No samples found: rseqc
[2021-07-05 16:22:24,066] multiqc                                            [DEBUG  ]  No samples found: busco
[2021-07-05 16:22:24,072] multiqc                                            [DEBUG  ]  No samples found: bustools
[2021-07-05 16:22:24,078] multiqc                                            [DEBUG  ]  No samples found: goleft_indexcov
[2021-07-05 16:22:24,084] multiqc                                            [DEBUG  ]  No samples found: gffcompare
[2021-07-05 16:22:24,090] multiqc                                            [DEBUG  ]  No samples found: disambiguate
[2021-07-05 16:22:24,096] multiqc                                            [DEBUG  ]  No samples found: supernova
[2021-07-05 16:22:24,105] multiqc                                            [DEBUG  ]  No samples found: deeptools
[2021-07-05 16:22:24,111] multiqc                                            [DEBUG  ]  No samples found: sargasso
[2021-07-05 16:22:24,117] multiqc                                            [DEBUG  ]  No samples found: verifybamid
[2021-07-05 16:22:24,123] multiqc                                            [DEBUG  ]  No samples found: mirtrace
[2021-07-05 16:22:24,130] multiqc                                            [DEBUG  ]  No samples found: happy
[2021-07-05 16:22:24,136] multiqc                                            [DEBUG  ]  No samples found: mirtop
[2021-07-05 16:22:24,142] multiqc                                            [DEBUG  ]  No samples found: sambamba
[2021-07-05 16:22:24,149] multiqc                                            [DEBUG  ]  No samples found: homer
[2021-07-05 16:22:24,155] multiqc                                            [DEBUG  ]  No samples found: hops
[2021-07-05 16:22:24,161] multiqc                                            [DEBUG  ]  No samples found: macs2
[2021-07-05 16:22:24,167] multiqc                                            [DEBUG  ]  No samples found: theta2
[2021-07-05 16:22:24,173] multiqc                                            [DEBUG  ]  No samples found: snpeff
[2021-07-05 16:22:24,180] multiqc                                            [DEBUG  ]  No samples found: gatk
[2021-07-05 16:22:24,186] multiqc                                            [DEBUG  ]  No samples found: htseq
[2021-07-05 16:22:24,193] multiqc                                            [DEBUG  ]  No samples found: bcftools
[2021-07-05 16:22:24,199] multiqc                                            [DEBUG  ]  No samples found: featureCounts
[2021-07-05 16:22:24,207] multiqc                                            [DEBUG  ]  No samples found: fgbio
[2021-07-05 16:22:24,217] multiqc                                            [DEBUG  ]  No samples found: dragen
[2021-07-05 16:22:24,223] multiqc                                            [DEBUG  ]  No samples found: dedup
[2021-07-05 16:22:24,229] multiqc                                            [DEBUG  ]  No samples found: damageprofiler
[2021-07-05 16:22:24,244] multiqc                                            [DEBUG  ]  No samples found: biobambam2
[2021-07-05 16:22:24,250] multiqc                                            [DEBUG  ]  No samples found: jcvi
[2021-07-05 16:22:24,256] multiqc                                            [DEBUG  ]  No samples found: mtnucratio
[2021-07-05 16:22:24,261] multiqc                                            [DEBUG  ]  No samples found: picard
[2021-07-05 16:22:24,268] multiqc                                            [DEBUG  ]  No samples found: vep
[2021-07-05 16:22:24,275] multiqc                                            [DEBUG  ]  No samples found: sentieon
[2021-07-05 16:22:24,281] multiqc                                            [DEBUG  ]  No samples found: prokka
[2021-07-05 16:22:24,287] multiqc                                            [DEBUG  ]  No samples found: qc3C
[2021-07-05 16:22:24,293] multiqc                                            [DEBUG  ]  No samples found: nanostat
[2021-07-05 16:22:24,299] multiqc                                            [DEBUG  ]  No samples found: samblaster
[2021-07-05 16:22:24,307] multiqc                                            [DEBUG  ]  No samples found: samtools
[2021-07-05 16:22:24,313] multiqc                                            [DEBUG  ]  No samples found: sexdeterrmine
[2021-07-05 16:22:24,319] multiqc                                            [DEBUG  ]  No samples found: eigenstratdatabasetools
[2021-07-05 16:22:24,325] multiqc                                            [DEBUG  ]  No samples found: bamtools
[2021-07-05 16:22:24,331] multiqc                                            [DEBUG  ]  No samples found: jellyfish
[2021-07-05 16:22:24,339] multiqc                                            [DEBUG  ]  No samples found: vcftools
[2021-07-05 16:22:24,345] multiqc                                            [DEBUG  ]  No samples found: longranger
[2021-07-05 16:22:24,351] multiqc                                            [DEBUG  ]  No samples found: stacks
[2021-07-05 16:22:24,357] multiqc                                            [DEBUG  ]  No samples found: varscan2
[2021-07-05 16:22:24,363] multiqc                                            [DEBUG  ]  No samples found: snippy
[2021-07-05 16:22:24,373] multiqc                                            [DEBUG  ]  No samples found: bbmap
[2021-07-05 16:22:24,379] multiqc                                            [DEBUG  ]  No samples found: bismark
[2021-07-05 16:22:24,386] multiqc                                            [DEBUG  ]  No samples found: biscuit
[2021-07-05 16:22:24,392] multiqc                                            [DEBUG  ]  No samples found: hicexplorer
[2021-07-05 16:22:24,398] multiqc                                            [DEBUG  ]  No samples found: hicup
[2021-07-05 16:22:24,404] multiqc                                            [DEBUG  ]  No samples found: hicpro
[2021-07-05 16:22:24,410] multiqc                                            [DEBUG  ]  No samples found: salmon
[2021-07-05 16:22:24,415] multiqc                                            [DEBUG  ]  No samples found: kallisto
[2021-07-05 16:22:24,421] multiqc                                            [DEBUG  ]  No samples found: slamdunk
[2021-07-05 16:22:24,426] multiqc                                            [DEBUG  ]  No samples found: star
[2021-07-05 16:22:24,431] multiqc                                            [DEBUG  ]  No samples found: hisat2
[2021-07-05 16:22:24,437] multiqc                                            [DEBUG  ]  No samples found: tophat
[2021-07-05 16:22:24,442] multiqc                                            [DEBUG  ]  No samples found: bowtie2
[2021-07-05 16:22:24,447] multiqc                                            [DEBUG  ]  No samples found: bowtie1
[2021-07-05 16:22:24,453] multiqc                                            [DEBUG  ]  No samples found: snpsplit
[2021-07-05 16:22:24,458] multiqc                                            [DEBUG  ]  No samples found: odgi
[2021-07-05 16:22:24,463] multiqc                                            [DEBUG  ]  No samples found: pangolin
[2021-07-05 16:22:24,469] multiqc                                            [DEBUG  ]  No samples found: kat
[2021-07-05 16:22:24,474] multiqc                                            [DEBUG  ]  No samples found: leehom
[2021-07-05 16:22:24,479] multiqc                                            [DEBUG  ]  No samples found: adapterRemoval
[2021-07-05 16:22:24,484] multiqc                                            [DEBUG  ]  No samples found: clipandmerge
[2021-07-05 16:22:24,490] multiqc                                            [DEBUG  ]  No samples found: cutadapt
[2021-07-05 16:22:24,495] multiqc                                            [DEBUG  ]  No samples found: flexbar
[2021-07-05 16:22:24,500] multiqc                                            [DEBUG  ]  No samples found: kaiju
[2021-07-05 16:22:24,505] multiqc                                            [DEBUG  ]  No samples found: kraken
[2021-07-05 16:22:24,511] multiqc                                            [DEBUG  ]  No samples found: malt
[2021-07-05 16:22:24,516] multiqc                                            [DEBUG  ]  No samples found: trimmomatic
[2021-07-05 16:22:24,521] multiqc                                            [DEBUG  ]  No samples found: sickle
[2021-07-05 16:22:24,527] multiqc                                            [DEBUG  ]  No samples found: skewer
[2021-07-05 16:22:24,532] multiqc                                            [DEBUG  ]  No samples found: sortmerna
[2021-07-05 16:22:24,537] multiqc                                            [DEBUG  ]  No samples found: biobloomtools
[2021-07-05 16:22:24,542] multiqc                                            [DEBUG  ]  No samples found: fastq_screen
[2021-07-05 16:22:24,547] multiqc                                            [DEBUG  ]  No samples found: afterqc
[2021-07-05 16:22:24,588] multiqc.modules.fastp.fastp                        [INFO   ]  Found 8 reports
[2021-07-05 16:22:24,648] multiqc                                            [DEBUG  ]  No samples found: fastqc
[2021-07-05 16:22:24,653] multiqc                                            [DEBUG  ]  No samples found: pychopper
[2021-07-05 16:22:24,658] multiqc                                            [DEBUG  ]  No samples found: pycoqc
[2021-07-05 16:22:24,664] multiqc                                            [DEBUG  ]  No samples found: minionqc
[2021-07-05 16:22:24,669] multiqc                                            [DEBUG  ]  No samples found: multivcfanalyzer
[2021-07-05 16:22:24,674] multiqc                                            [DEBUG  ]  No samples found: clusterflow
[2021-07-05 16:22:24,680] multiqc                                            [DEBUG  ]  No samples found: bcl2fastq
[2021-07-05 16:22:24,685] multiqc                                            [DEBUG  ]  No samples found: bclconvert
[2021-07-05 16:22:24,691] multiqc                                            [DEBUG  ]  No samples found: interop
[2021-07-05 16:22:24,696] multiqc                                            [DEBUG  ]  No samples found: ivar
[2021-07-05 16:22:24,701] multiqc                                            [DEBUG  ]  No samples found: flash
[2021-07-05 16:22:24,706] multiqc                                            [DEBUG  ]  No samples found: seqyclean
[2021-07-05 16:22:24,712] multiqc                                            [DEBUG  ]  No samples found: optitype
[2021-07-05 16:22:24,732] multiqc                                            [INFO   ]  Compressing plot data
[2021-07-05 16:22:25,471] multiqc                                            [INFO   ]  Report      : fastp-report/multiqc_report.html
[2021-07-05 16:22:25,471] multiqc                                            [INFO   ]  Data        : fastp-report/multiqc_data
[2021-07-05 16:22:25,471] multiqc                                            [DEBUG  ]  Moving data file from '/tmp/tmpax0lbp91/multiqc_data' to 'fastp-report/multiqc_data'
[2021-07-05 16:22:25,605] multiqc                                            [INFO   ]  MultiQC complete
