[2021-07-06 06:07:44,135] multiqc                                            [DEBUG  ]  This is MultiQC v1.11
[2021-07-06 06:07:44,135] multiqc                                            [DEBUG  ]  No MultiQC config found: /home/ubuntu/miniconda3/envs/wms/lib/python3.9/site-packages/multiqc_config.yaml
[2021-07-06 06:07:44,135] multiqc                                            [DEBUG  ]  No MultiQC config found: /home/ubuntu/.multiqc_config.yaml
[2021-07-06 06:07:44,136] multiqc                                            [DEBUG  ]  No MultiQC config found: multiqc_config.yaml
[2021-07-06 06:07:44,136] multiqc                                            [DEBUG  ]  Command used: /home/ubuntu/miniconda3/envs/wms/bin/multiqc .
[2021-07-06 06:07:44,225] multiqc                                            [DEBUG  ]  Latest MultiQC version is v1.11
[2021-07-06 06:07:44,225] multiqc                                            [DEBUG  ]  Command     : /home/ubuntu/miniconda3/envs/wms/bin/multiqc .
[2021-07-06 06:07:44,225] multiqc                                            [DEBUG  ]  Working dir : /home/ubuntu/mock
[2021-07-06 06:07:44,225] multiqc                                            [DEBUG  ]  Template    : default
[2021-07-06 06:07:44,225] multiqc                                            [DEBUG  ]  Running Python 3.9.5 | packaged by conda-forge | (default, Jun 19 2021, 00:32:32)  [GCC 9.3.0]
[2021-07-06 06:07:44,226] multiqc                                            [DEBUG  ]  Analysing modules: custom_content, ccs, ngsderive, purple, conpair, lima, peddy, somalier, methylQA, mosdepth, phantompeakqualtools, qualimap, preseq, quast, qorts, rna_seqc, rockhopper, rsem, rseqc, busco, bustools, goleft_indexcov, gffcompare, disambiguate, supernova, deeptools, sargasso, verifybamid, mirtrace, happy, mirtop, sambamba, homer, hops, macs2, theta2, snpeff, gatk, htseq, bcftools, featureCounts, fgbio, dragen, dedup, damageprofiler, biobambam2, jcvi, mtnucratio, picard, vep, sentieon, prokka, qc3C, nanostat, samblaster, samtools, sexdeterrmine, eigenstratdatabasetools, bamtools, jellyfish, vcftools, longranger, stacks, varscan2, snippy, bbmap, bismark, biscuit, hicexplorer, hicup, hicpro, salmon, kallisto, slamdunk, star, hisat2, tophat, bowtie2, bowtie1, snpsplit, odgi, pangolin, kat, leehom, adapterRemoval, clipandmerge, cutadapt, flexbar, kaiju, kraken, malt, trimmomatic, sickle, skewer, sortmerna, biobloomtools, fastq_screen, afterqc, fastp, fastqc, pychopper, pycoqc, minionqc, multivcfanalyzer, clusterflow, bcl2fastq, bclconvert, interop, ivar, flash, seqyclean, optitype
[2021-07-06 06:07:44,226] multiqc                                            [DEBUG  ]  Using temporary directory for creating report: /tmp/tmpgre2y49a
[2021-07-06 06:07:44,324] multiqc                                            [INFO   ]  Search path : /home/ubuntu/mock
[2021-07-06 06:07:44,364] multiqc                                            [DEBUG  ]  File ignored by ccs/v4 because it exceeded search pattern filesize limit: kraken-std.report
[2021-07-06 06:07:44,366] multiqc                                            [DEBUG  ]  File ignored by hicexplorer because it exceeded search pattern filesize limit: kraken-std.report
[2021-07-06 06:07:44,366] multiqc                                            [DEBUG  ]  File ignored by nanostat because it exceeded search pattern filesize limit: kraken-std.report
[2021-07-06 06:07:44,366] multiqc                                            [DEBUG  ]  File ignored by lima/summary because it exceeded search pattern filesize limit: kraken-std.report
[2021-07-06 06:07:44,370] multiqc                                            [DEBUG  ]  File ignored by vep/vep_txt because it exceeded search pattern filesize limit: kraken-std.report
[2021-07-06 06:07:44,370] multiqc                                            [DEBUG  ]  File ignored by longranger/invocation because it exceeded search pattern filesize limit: kraken-std.report
[2021-07-06 06:07:44,371] multiqc                                            [DEBUG  ]  File ignored by rockhopper because it exceeded search pattern filesize limit: kraken-std.report
[2021-07-06 06:07:44,371] multiqc                                            [DEBUG  ]  File ignored by rseqc/bam_stat because it exceeded search pattern filesize limit: kraken-std.report
[2021-07-06 06:07:44,371] multiqc                                            [DEBUG  ]  File ignored by rseqc/junction_annotation because it exceeded search pattern filesize limit: kraken-std.report
[2021-07-06 06:07:44,371] multiqc                                            [DEBUG  ]  File ignored by rseqc/read_distribution because it exceeded search pattern filesize limit: kraken-std.report
[2021-07-06 06:07:44,371] multiqc                                            [DEBUG  ]  File ignored by rseqc/infer_experiment because it exceeded search pattern filesize limit: kraken-std.report
[2021-07-06 06:07:44,546] multiqc                                            [DEBUG  ]  File ignored by ccs/v4 because it exceeded search pattern filesize limit: species.list
[2021-07-06 06:07:44,547] multiqc                                            [DEBUG  ]  File ignored by lima/summary because it exceeded search pattern filesize limit: species.list
[2021-07-06 06:07:44,550] multiqc                                            [DEBUG  ]  File ignored by longranger/invocation because it exceeded search pattern filesize limit: species.list
[2021-07-06 06:07:44,560] multiqc                                            [DEBUG  ]  File ignored by ccs/v4 because it exceeded search pattern filesize limit: kraken-std2021.report
[2021-07-06 06:07:44,561] multiqc                                            [DEBUG  ]  File ignored by hicexplorer because it exceeded search pattern filesize limit: kraken-std2021.report
[2021-07-06 06:07:44,561] multiqc                                            [DEBUG  ]  File ignored by nanostat because it exceeded search pattern filesize limit: kraken-std2021.report
[2021-07-06 06:07:44,561] multiqc                                            [DEBUG  ]  File ignored by lima/summary because it exceeded search pattern filesize limit: kraken-std2021.report
[2021-07-06 06:07:44,564] multiqc                                            [DEBUG  ]  File ignored by vep/vep_txt because it exceeded search pattern filesize limit: kraken-std2021.report
[2021-07-06 06:07:44,564] multiqc                                            [DEBUG  ]  File ignored by longranger/invocation because it exceeded search pattern filesize limit: kraken-std2021.report
[2021-07-06 06:07:44,564] multiqc                                            [DEBUG  ]  File ignored by rockhopper because it exceeded search pattern filesize limit: kraken-std2021.report
[2021-07-06 06:07:44,564] multiqc                                            [DEBUG  ]  File ignored by rseqc/bam_stat because it exceeded search pattern filesize limit: kraken-std2021.report
[2021-07-06 06:07:44,564] multiqc                                            [DEBUG  ]  File ignored by rseqc/junction_annotation because it exceeded search pattern filesize limit: kraken-std2021.report
[2021-07-06 06:07:44,565] multiqc                                            [DEBUG  ]  File ignored by rseqc/read_distribution because it exceeded search pattern filesize limit: kraken-std2021.report
[2021-07-06 06:07:44,565] multiqc                                            [DEBUG  ]  File ignored by rseqc/infer_experiment because it exceeded search pattern filesize limit: kraken-std2021.report
[2021-07-06 06:07:44,773] multiqc                                            [DEBUG  ]  File ignored by ccs/v4 because it exceeded search pattern filesize limit: kaiju-phylum.tsv
[2021-07-06 06:07:44,774] multiqc                                            [DEBUG  ]  File ignored by hicexplorer because it exceeded search pattern filesize limit: kaiju-phylum.tsv
[2021-07-06 06:07:44,774] multiqc                                            [DEBUG  ]  File ignored by nanostat because it exceeded search pattern filesize limit: kaiju-phylum.tsv
[2021-07-06 06:07:44,774] multiqc                                            [DEBUG  ]  File ignored by lima/summary because it exceeded search pattern filesize limit: kaiju-phylum.tsv
[2021-07-06 06:07:44,777] multiqc                                            [DEBUG  ]  File ignored by longranger/invocation because it exceeded search pattern filesize limit: kaiju-phylum.tsv
[2021-07-06 06:07:44,787] multiqc                                            [DEBUG  ]  File ignored by ccs/v4 because it exceeded search pattern filesize limit: kaiju-species.tsv
[2021-07-06 06:07:44,789] multiqc                                            [DEBUG  ]  File ignored by hicexplorer because it exceeded search pattern filesize limit: kaiju-species.tsv
[2021-07-06 06:07:44,789] multiqc                                            [DEBUG  ]  File ignored by nanostat because it exceeded search pattern filesize limit: kaiju-species.tsv
[2021-07-06 06:07:44,789] multiqc                                            [DEBUG  ]  File ignored by lima/summary because it exceeded search pattern filesize limit: kaiju-species.tsv
[2021-07-06 06:07:44,792] multiqc                                            [DEBUG  ]  File ignored by vep/vep_txt because it exceeded search pattern filesize limit: kaiju-species.tsv
[2021-07-06 06:07:44,792] multiqc                                            [DEBUG  ]  File ignored by longranger/invocation because it exceeded search pattern filesize limit: kaiju-species.tsv
[2021-07-06 06:07:44,960] multiqc                                            [DEBUG  ]  File ignored by ccs/v4 because it exceeded search pattern filesize limit: list
[2021-07-06 06:07:44,962] multiqc                                            [DEBUG  ]  File ignored by lima/summary because it exceeded search pattern filesize limit: list
[2021-07-06 06:07:45,362] multiqc.plots.bargraph                             [DEBUG  ]  Using matplotlib version 3.4.2
[2021-07-06 06:07:45,363] multiqc.plots.linegraph                            [DEBUG  ]  Using matplotlib version 3.4.2
[2021-07-06 06:07:45,364] multiqc                                            [DEBUG  ]  No samples found: custom_content
[2021-07-06 06:07:45,370] multiqc                                            [DEBUG  ]  No samples found: ccs
[2021-07-06 06:07:45,375] multiqc                                            [DEBUG  ]  No samples found: ngsderive
[2021-07-06 06:07:45,380] multiqc                                            [DEBUG  ]  No samples found: purple
[2021-07-06 06:07:45,385] multiqc                                            [DEBUG  ]  No samples found: conpair
[2021-07-06 06:07:45,390] multiqc                                            [DEBUG  ]  No samples found: lima
[2021-07-06 06:07:45,395] multiqc                                            [DEBUG  ]  No samples found: peddy
[2021-07-06 06:07:45,400] multiqc                                            [DEBUG  ]  No samples found: somalier
[2021-07-06 06:07:45,445] multiqc                                            [DEBUG  ]  No samples found: methylQA
[2021-07-06 06:07:45,450] multiqc.modules.mosdepth.mosdepth                  [DEBUG  ]  include_contigs: []
[2021-07-06 06:07:45,450] multiqc.modules.mosdepth.mosdepth                  [DEBUG  ]  exclude_contigs: []
[2021-07-06 06:07:45,451] multiqc                                            [DEBUG  ]  No samples found: mosdepth
[2021-07-06 06:07:45,455] multiqc                                            [DEBUG  ]  No samples found: phantompeakqualtools
[2021-07-06 06:07:45,460] multiqc                                            [DEBUG  ]  No samples found: qualimap
[2021-07-06 06:07:45,465] multiqc                                            [DEBUG  ]  No samples found: preseq
[2021-07-06 06:07:45,470] multiqc                                            [DEBUG  ]  No samples found: quast
[2021-07-06 06:07:45,475] multiqc                                            [DEBUG  ]  No samples found: qorts
[2021-07-06 06:07:45,480] multiqc                                            [DEBUG  ]  No samples found: rna_seqc
[2021-07-06 06:07:45,485] multiqc                                            [DEBUG  ]  No samples found: rockhopper
[2021-07-06 06:07:45,490] multiqc                                            [DEBUG  ]  No samples found: rsem
[2021-07-06 06:07:45,497] multiqc                                            [DEBUG  ]  No samples found: rseqc
[2021-07-06 06:07:45,503] multiqc                                            [DEBUG  ]  No samples found: busco
[2021-07-06 06:07:45,508] multiqc                                            [DEBUG  ]  No samples found: bustools
[2021-07-06 06:07:45,513] multiqc                                            [DEBUG  ]  No samples found: goleft_indexcov
[2021-07-06 06:07:45,518] multiqc                                            [DEBUG  ]  No samples found: gffcompare
[2021-07-06 06:07:45,522] multiqc                                            [DEBUG  ]  No samples found: disambiguate
[2021-07-06 06:07:45,527] multiqc                                            [DEBUG  ]  No samples found: supernova
[2021-07-06 06:07:45,535] multiqc                                            [DEBUG  ]  No samples found: deeptools
[2021-07-06 06:07:45,540] multiqc                                            [DEBUG  ]  No samples found: sargasso
[2021-07-06 06:07:45,545] multiqc                                            [DEBUG  ]  No samples found: verifybamid
[2021-07-06 06:07:45,550] multiqc                                            [DEBUG  ]  No samples found: mirtrace
[2021-07-06 06:07:45,555] multiqc                                            [DEBUG  ]  No samples found: happy
[2021-07-06 06:07:45,560] multiqc                                            [DEBUG  ]  No samples found: mirtop
[2021-07-06 06:07:45,565] multiqc                                            [DEBUG  ]  No samples found: sambamba
[2021-07-06 06:07:45,570] multiqc                                            [DEBUG  ]  No samples found: homer
[2021-07-06 06:07:45,575] multiqc                                            [DEBUG  ]  No samples found: hops
[2021-07-06 06:07:45,580] multiqc                                            [DEBUG  ]  No samples found: macs2
[2021-07-06 06:07:45,585] multiqc                                            [DEBUG  ]  No samples found: theta2
[2021-07-06 06:07:45,590] multiqc                                            [DEBUG  ]  No samples found: snpeff
[2021-07-06 06:07:45,595] multiqc                                            [DEBUG  ]  No samples found: gatk
[2021-07-06 06:07:45,600] multiqc                                            [DEBUG  ]  No samples found: htseq
[2021-07-06 06:07:45,606] multiqc                                            [DEBUG  ]  No samples found: bcftools
[2021-07-06 06:07:45,610] multiqc                                            [DEBUG  ]  No samples found: featureCounts
[2021-07-06 06:07:45,617] multiqc                                            [DEBUG  ]  No samples found: fgbio
[2021-07-06 06:07:45,625] multiqc                                            [DEBUG  ]  No samples found: dragen
[2021-07-06 06:07:45,630] multiqc                                            [DEBUG  ]  No samples found: dedup
[2021-07-06 06:07:45,635] multiqc                                            [DEBUG  ]  No samples found: damageprofiler
[2021-07-06 06:07:45,647] multiqc                                            [DEBUG  ]  No samples found: biobambam2
[2021-07-06 06:07:45,652] multiqc                                            [DEBUG  ]  No samples found: jcvi
[2021-07-06 06:07:45,657] multiqc                                            [DEBUG  ]  No samples found: mtnucratio
[2021-07-06 06:07:45,661] multiqc                                            [DEBUG  ]  No samples found: picard
[2021-07-06 06:07:45,666] multiqc                                            [DEBUG  ]  No samples found: vep
[2021-07-06 06:07:45,672] multiqc                                            [DEBUG  ]  No samples found: sentieon
[2021-07-06 06:07:45,677] multiqc                                            [DEBUG  ]  No samples found: prokka
[2021-07-06 06:07:45,682] multiqc                                            [DEBUG  ]  No samples found: qc3C
[2021-07-06 06:07:45,687] multiqc                                            [DEBUG  ]  No samples found: nanostat
[2021-07-06 06:07:45,692] multiqc                                            [DEBUG  ]  No samples found: samblaster
[2021-07-06 06:07:45,698] multiqc                                            [DEBUG  ]  No samples found: samtools
[2021-07-06 06:07:45,703] multiqc                                            [DEBUG  ]  No samples found: sexdeterrmine
[2021-07-06 06:07:45,708] multiqc                                            [DEBUG  ]  No samples found: eigenstratdatabasetools
[2021-07-06 06:07:45,713] multiqc                                            [DEBUG  ]  No samples found: bamtools
[2021-07-06 06:07:45,718] multiqc                                            [DEBUG  ]  No samples found: jellyfish
[2021-07-06 06:07:45,724] multiqc                                            [DEBUG  ]  No samples found: vcftools
[2021-07-06 06:07:45,729] multiqc                                            [DEBUG  ]  No samples found: longranger
[2021-07-06 06:07:45,734] multiqc                                            [DEBUG  ]  No samples found: stacks
[2021-07-06 06:07:45,739] multiqc                                            [DEBUG  ]  No samples found: varscan2
[2021-07-06 06:07:45,744] multiqc                                            [DEBUG  ]  No samples found: snippy
[2021-07-06 06:07:45,752] multiqc                                            [DEBUG  ]  No samples found: bbmap
[2021-07-06 06:07:45,757] multiqc                                            [DEBUG  ]  No samples found: bismark
[2021-07-06 06:07:45,762] multiqc                                            [DEBUG  ]  No samples found: biscuit
[2021-07-06 06:07:45,767] multiqc                                            [DEBUG  ]  No samples found: hicexplorer
[2021-07-06 06:07:45,772] multiqc                                            [DEBUG  ]  No samples found: hicup
[2021-07-06 06:07:45,777] multiqc                                            [DEBUG  ]  No samples found: hicpro
[2021-07-06 06:07:45,782] multiqc                                            [DEBUG  ]  No samples found: salmon
[2021-07-06 06:07:45,787] multiqc                                            [DEBUG  ]  No samples found: kallisto
[2021-07-06 06:07:45,792] multiqc                                            [DEBUG  ]  No samples found: slamdunk
[2021-07-06 06:07:45,797] multiqc                                            [DEBUG  ]  No samples found: star
[2021-07-06 06:07:45,802] multiqc                                            [DEBUG  ]  No samples found: hisat2
[2021-07-06 06:07:45,807] multiqc                                            [DEBUG  ]  No samples found: tophat
[2021-07-06 06:07:45,812] multiqc                                            [DEBUG  ]  No samples found: bowtie2
[2021-07-06 06:07:45,817] multiqc                                            [DEBUG  ]  No samples found: bowtie1
[2021-07-06 06:07:45,822] multiqc                                            [DEBUG  ]  No samples found: snpsplit
[2021-07-06 06:07:45,827] multiqc                                            [DEBUG  ]  No samples found: odgi
[2021-07-06 06:07:45,831] multiqc                                            [DEBUG  ]  No samples found: pangolin
[2021-07-06 06:07:45,836] multiqc                                            [DEBUG  ]  No samples found: kat
[2021-07-06 06:07:45,841] multiqc                                            [DEBUG  ]  No samples found: leehom
[2021-07-06 06:07:45,846] multiqc                                            [DEBUG  ]  No samples found: adapterRemoval
[2021-07-06 06:07:45,851] multiqc                                            [DEBUG  ]  No samples found: clipandmerge
[2021-07-06 06:07:45,856] multiqc                                            [DEBUG  ]  No samples found: cutadapt
[2021-07-06 06:07:45,861] multiqc                                            [DEBUG  ]  No samples found: flexbar
[2021-07-06 06:07:46,305] multiqc.modules.kaiju.kaiju                        [INFO   ]  Found 1 reports
[2021-07-06 06:07:46,392] multiqc.modules.kraken.kraken                      [INFO   ]  Found 2 reports
[2021-07-06 06:07:46,496] multiqc                                            [DEBUG  ]  No samples found: malt
[2021-07-06 06:07:46,500] multiqc                                            [DEBUG  ]  No samples found: trimmomatic
[2021-07-06 06:07:46,505] multiqc                                            [DEBUG  ]  No samples found: sickle
[2021-07-06 06:07:46,510] multiqc                                            [DEBUG  ]  No samples found: skewer
[2021-07-06 06:07:46,515] multiqc                                            [DEBUG  ]  No samples found: sortmerna
[2021-07-06 06:07:46,519] multiqc                                            [DEBUG  ]  No samples found: biobloomtools
[2021-07-06 06:07:46,524] multiqc                                            [DEBUG  ]  No samples found: fastq_screen
[2021-07-06 06:07:46,529] multiqc                                            [DEBUG  ]  No samples found: afterqc
[2021-07-06 06:07:46,534] multiqc                                            [DEBUG  ]  No samples found: fastp
[2021-07-06 06:07:46,539] multiqc                                            [DEBUG  ]  No samples found: fastqc
[2021-07-06 06:07:46,543] multiqc                                            [DEBUG  ]  No samples found: pychopper
[2021-07-06 06:07:46,548] multiqc                                            [DEBUG  ]  No samples found: pycoqc
[2021-07-06 06:07:46,553] multiqc                                            [DEBUG  ]  No samples found: minionqc
[2021-07-06 06:07:46,558] multiqc                                            [DEBUG  ]  No samples found: multivcfanalyzer
[2021-07-06 06:07:46,562] multiqc                                            [DEBUG  ]  No samples found: clusterflow
[2021-07-06 06:07:46,567] multiqc                                            [DEBUG  ]  No samples found: bcl2fastq
[2021-07-06 06:07:46,572] multiqc                                            [DEBUG  ]  No samples found: bclconvert
[2021-07-06 06:07:46,577] multiqc                                            [DEBUG  ]  No samples found: interop
[2021-07-06 06:07:46,582] multiqc                                            [DEBUG  ]  No samples found: ivar
[2021-07-06 06:07:46,587] multiqc                                            [DEBUG  ]  No samples found: flash
[2021-07-06 06:07:46,591] multiqc                                            [DEBUG  ]  No samples found: seqyclean
[2021-07-06 06:07:46,596] multiqc                                            [DEBUG  ]  No samples found: optitype
[2021-07-06 06:07:46,601] multiqc                                            [INFO   ]  Compressing plot data
[2021-07-06 06:07:46,612] multiqc                                            [INFO   ]  Report      : multiqc_report.html
[2021-07-06 06:07:46,612] multiqc                                            [INFO   ]  Data        : multiqc_data
[2021-07-06 06:07:46,612] multiqc                                            [DEBUG  ]  Moving data file from '/tmp/tmpgre2y49a/multiqc_data' to '/home/ubuntu/mock/multiqc_data'
[2021-07-06 06:07:46,735] multiqc                                            [INFO   ]  MultiQC complete
