[2021-07-05 16:15:06,021] multiqc                                            [DEBUG  ]  This is MultiQC v1.11
[2021-07-05 16:15:06,021] multiqc                                            [DEBUG  ]  No MultiQC config found: /data/home/kraken049/miniconda3/lib/python3.9/site-packages/multiqc_config.yaml
[2021-07-05 16:15:06,022] multiqc                                            [DEBUG  ]  No MultiQC config found: /data/home/kraken049/.multiqc_config.yaml
[2021-07-05 16:15:06,022] multiqc                                            [DEBUG  ]  No MultiQC config found: multiqc_config.yaml
[2021-07-05 16:15:06,022] multiqc                                            [DEBUG  ]  Command used: /data/home/kraken049/miniconda3/bin/multiqc reports/ kraken/
[2021-07-05 16:15:06,135] multiqc                                            [DEBUG  ]  Latest MultiQC version is v1.11
[2021-07-05 16:15:06,135] multiqc                                            [DEBUG  ]  Command     : /data/home/kraken049/miniconda3/bin/multiqc reports/ kraken/
[2021-07-05 16:15:06,135] multiqc                                            [DEBUG  ]  Working dir : /data/home/kraken049/kraken-ws
[2021-07-05 16:15:06,135] multiqc                                            [DEBUG  ]  Template    : default
[2021-07-05 16:15:06,135] multiqc                                            [DEBUG  ]  Running Python 3.9.1 (default, Dec 11 2020, 14:32:07)  [GCC 7.3.0]
[2021-07-05 16:15:06,136] multiqc                                            [DEBUG  ]  Analysing modules: custom_content, ccs, ngsderive, purple, conpair, lima, peddy, somalier, methylQA, mosdepth, phantompeakqualtools, qualimap, preseq, quast, qorts, rna_seqc, rockhopper, rsem, rseqc, busco, bustools, goleft_indexcov, gffcompare, disambiguate, supernova, deeptools, sargasso, verifybamid, mirtrace, happy, mirtop, sambamba, homer, hops, macs2, theta2, snpeff, gatk, htseq, bcftools, featureCounts, fgbio, dragen, dedup, damageprofiler, biobambam2, jcvi, mtnucratio, picard, vep, sentieon, prokka, qc3C, nanostat, samblaster, samtools, sexdeterrmine, eigenstratdatabasetools, bamtools, jellyfish, vcftools, longranger, stacks, varscan2, snippy, bbmap, bismark, biscuit, hicexplorer, hicup, hicpro, salmon, kallisto, slamdunk, star, hisat2, tophat, bowtie2, bowtie1, snpsplit, odgi, pangolin, kat, leehom, adapterRemoval, clipandmerge, cutadapt, flexbar, kaiju, kraken, malt, trimmomatic, sickle, skewer, sortmerna, biobloomtools, fastq_screen, afterqc, fastp, fastqc, pychopper, pycoqc, minionqc, multivcfanalyzer, clusterflow, bcl2fastq, bclconvert, interop, ivar, flash, seqyclean, optitype
[2021-07-05 16:15:06,136] multiqc                                            [DEBUG  ]  Using temporary directory for creating report: /tmp/tmp61enqj1m
[2021-07-05 16:15:06,259] multiqc                                            [INFO   ]  Search path : /data/home/kraken049/kraken-ws/reports
[2021-07-05 16:15:06,259] multiqc                                            [INFO   ]  Search path : /data/home/kraken049/kraken-ws/kraken
[2021-07-05 16:15:06,279] multiqc                                            [DEBUG  ]  Ignoring file as matched an ignore pattern: Sample13.html
[2021-07-05 16:15:06,280] multiqc                                            [DEBUG  ]  Ignoring file as matched an ignore pattern: Sample22.html
[2021-07-05 16:15:06,280] multiqc                                            [DEBUG  ]  Ignoring file as matched an ignore pattern: Sample25.html
[2021-07-05 16:15:06,280] multiqc                                            [DEBUG  ]  Ignoring file as matched an ignore pattern: Sample30.html
[2021-07-05 16:15:06,280] multiqc                                            [DEBUG  ]  Ignoring file as matched an ignore pattern: Sample31.html
[2021-07-05 16:15:06,312] multiqc                                            [DEBUG  ]  File ignored by ccs/v4 because it exceeded search pattern filesize limit: Sample3.html
[2021-07-05 16:15:06,314] multiqc                                            [DEBUG  ]  File ignored by hicexplorer because it exceeded search pattern filesize limit: Sample3.html
[2021-07-05 16:15:06,314] multiqc                                            [DEBUG  ]  File ignored by nanostat because it exceeded search pattern filesize limit: Sample3.html
[2021-07-05 16:15:06,314] multiqc                                            [DEBUG  ]  File ignored by lima/summary because it exceeded search pattern filesize limit: Sample3.html
[2021-07-05 16:15:06,320] multiqc                                            [DEBUG  ]  File ignored by vep/vep_txt because it exceeded search pattern filesize limit: Sample3.html
[2021-07-05 16:15:06,320] multiqc                                            [DEBUG  ]  File ignored by longranger/invocation because it exceeded search pattern filesize limit: Sample3.html
[2021-07-05 16:15:06,320] multiqc                                            [DEBUG  ]  File ignored by rockhopper because it exceeded search pattern filesize limit: Sample3.html
[2021-07-05 16:15:06,320] multiqc                                            [DEBUG  ]  File ignored by rseqc/bam_stat because it exceeded search pattern filesize limit: Sample3.html
[2021-07-05 16:15:06,320] multiqc                                            [DEBUG  ]  File ignored by rseqc/junction_annotation because it exceeded search pattern filesize limit: Sample3.html
[2021-07-05 16:15:06,320] multiqc                                            [DEBUG  ]  File ignored by rseqc/read_distribution because it exceeded search pattern filesize limit: Sample3.html
[2021-07-05 16:15:06,320] multiqc                                            [DEBUG  ]  File ignored by rseqc/infer_experiment because it exceeded search pattern filesize limit: Sample3.html
[2021-07-05 16:15:06,498] multiqc                                            [DEBUG  ]  File ignored by ccs/v4 because it exceeded search pattern filesize limit: Sample4.html
[2021-07-05 16:15:06,500] multiqc                                            [DEBUG  ]  File ignored by hicexplorer because it exceeded search pattern filesize limit: Sample4.html
[2021-07-05 16:15:06,500] multiqc                                            [DEBUG  ]  File ignored by nanostat because it exceeded search pattern filesize limit: Sample4.html
[2021-07-05 16:15:06,500] multiqc                                            [DEBUG  ]  File ignored by lima/summary because it exceeded search pattern filesize limit: Sample4.html
[2021-07-05 16:15:06,504] multiqc                                            [DEBUG  ]  File ignored by vep/vep_txt because it exceeded search pattern filesize limit: Sample4.html
[2021-07-05 16:15:06,504] multiqc                                            [DEBUG  ]  File ignored by longranger/invocation because it exceeded search pattern filesize limit: Sample4.html
[2021-07-05 16:15:06,504] multiqc                                            [DEBUG  ]  File ignored by rockhopper because it exceeded search pattern filesize limit: Sample4.html
[2021-07-05 16:15:06,504] multiqc                                            [DEBUG  ]  File ignored by rseqc/bam_stat because it exceeded search pattern filesize limit: Sample4.html
[2021-07-05 16:15:06,504] multiqc                                            [DEBUG  ]  File ignored by rseqc/junction_annotation because it exceeded search pattern filesize limit: Sample4.html
[2021-07-05 16:15:06,504] multiqc                                            [DEBUG  ]  File ignored by rseqc/read_distribution because it exceeded search pattern filesize limit: Sample4.html
[2021-07-05 16:15:06,504] multiqc                                            [DEBUG  ]  File ignored by rseqc/infer_experiment because it exceeded search pattern filesize limit: Sample4.html
[2021-07-05 16:15:06,670] multiqc                                            [DEBUG  ]  File ignored by ccs/v4 because it exceeded search pattern filesize limit: Sample6.html
[2021-07-05 16:15:06,671] multiqc                                            [DEBUG  ]  File ignored by hicexplorer because it exceeded search pattern filesize limit: Sample6.html
[2021-07-05 16:15:06,672] multiqc                                            [DEBUG  ]  File ignored by nanostat because it exceeded search pattern filesize limit: Sample6.html
[2021-07-05 16:15:06,672] multiqc                                            [DEBUG  ]  File ignored by lima/summary because it exceeded search pattern filesize limit: Sample6.html
[2021-07-05 16:15:06,675] multiqc                                            [DEBUG  ]  File ignored by vep/vep_txt because it exceeded search pattern filesize limit: Sample6.html
[2021-07-05 16:15:06,675] multiqc                                            [DEBUG  ]  File ignored by longranger/invocation because it exceeded search pattern filesize limit: Sample6.html
[2021-07-05 16:15:06,675] multiqc                                            [DEBUG  ]  File ignored by rockhopper because it exceeded search pattern filesize limit: Sample6.html
[2021-07-05 16:15:06,675] multiqc                                            [DEBUG  ]  File ignored by rseqc/bam_stat because it exceeded search pattern filesize limit: Sample6.html
[2021-07-05 16:15:06,675] multiqc                                            [DEBUG  ]  File ignored by rseqc/junction_annotation because it exceeded search pattern filesize limit: Sample6.html
[2021-07-05 16:15:06,676] multiqc                                            [DEBUG  ]  File ignored by rseqc/read_distribution because it exceeded search pattern filesize limit: Sample6.html
[2021-07-05 16:15:06,676] multiqc                                            [DEBUG  ]  File ignored by rseqc/infer_experiment because it exceeded search pattern filesize limit: Sample6.html
[2021-07-05 16:15:06,870] multiqc                                            [DEBUG  ]  File ignored by ccs/v4 because it exceeded search pattern filesize limit: Sample13.report
[2021-07-05 16:15:06,872] multiqc                                            [DEBUG  ]  File ignored by hicexplorer because it exceeded search pattern filesize limit: Sample13.report
[2021-07-05 16:15:06,872] multiqc                                            [DEBUG  ]  File ignored by nanostat because it exceeded search pattern filesize limit: Sample13.report
[2021-07-05 16:15:06,872] multiqc                                            [DEBUG  ]  File ignored by lima/summary because it exceeded search pattern filesize limit: Sample13.report
[2021-07-05 16:15:06,876] multiqc                                            [DEBUG  ]  File ignored by vep/vep_txt because it exceeded search pattern filesize limit: Sample13.report
[2021-07-05 16:15:06,876] multiqc                                            [DEBUG  ]  File ignored by longranger/invocation because it exceeded search pattern filesize limit: Sample13.report
[2021-07-05 16:15:07,100] multiqc                                            [DEBUG  ]  File ignored by ccs/v4 because it exceeded search pattern filesize limit: Sample22.report
[2021-07-05 16:15:07,102] multiqc                                            [DEBUG  ]  File ignored by hicexplorer because it exceeded search pattern filesize limit: Sample22.report
[2021-07-05 16:15:07,102] multiqc                                            [DEBUG  ]  File ignored by nanostat because it exceeded search pattern filesize limit: Sample22.report
[2021-07-05 16:15:07,102] multiqc                                            [DEBUG  ]  File ignored by lima/summary because it exceeded search pattern filesize limit: Sample22.report
[2021-07-05 16:15:07,105] multiqc                                            [DEBUG  ]  File ignored by vep/vep_txt because it exceeded search pattern filesize limit: Sample22.report
[2021-07-05 16:15:07,106] multiqc                                            [DEBUG  ]  File ignored by longranger/invocation because it exceeded search pattern filesize limit: Sample22.report
[2021-07-05 16:15:07,298] multiqc                                            [DEBUG  ]  File ignored by ccs/v4 because it exceeded search pattern filesize limit: Sample25.report
[2021-07-05 16:15:07,300] multiqc                                            [DEBUG  ]  File ignored by hicexplorer because it exceeded search pattern filesize limit: Sample25.report
[2021-07-05 16:15:07,300] multiqc                                            [DEBUG  ]  File ignored by nanostat because it exceeded search pattern filesize limit: Sample25.report
[2021-07-05 16:15:07,300] multiqc                                            [DEBUG  ]  File ignored by lima/summary because it exceeded search pattern filesize limit: Sample25.report
[2021-07-05 16:15:07,304] multiqc                                            [DEBUG  ]  File ignored by vep/vep_txt because it exceeded search pattern filesize limit: Sample25.report
[2021-07-05 16:15:07,304] multiqc                                            [DEBUG  ]  File ignored by longranger/invocation because it exceeded search pattern filesize limit: Sample25.report
[2021-07-05 16:15:07,528] multiqc                                            [DEBUG  ]  File ignored by ccs/v4 because it exceeded search pattern filesize limit: Sample30.report
[2021-07-05 16:15:07,529] multiqc                                            [DEBUG  ]  File ignored by hicexplorer because it exceeded search pattern filesize limit: Sample30.report
[2021-07-05 16:15:07,530] multiqc                                            [DEBUG  ]  File ignored by nanostat because it exceeded search pattern filesize limit: Sample30.report
[2021-07-05 16:15:07,530] multiqc                                            [DEBUG  ]  File ignored by lima/summary because it exceeded search pattern filesize limit: Sample30.report
[2021-07-05 16:15:07,533] multiqc                                            [DEBUG  ]  File ignored by vep/vep_txt because it exceeded search pattern filesize limit: Sample30.report
[2021-07-05 16:15:07,533] multiqc                                            [DEBUG  ]  File ignored by longranger/invocation because it exceeded search pattern filesize limit: Sample30.report
[2021-07-05 16:15:07,747] multiqc                                            [DEBUG  ]  File ignored by ccs/v4 because it exceeded search pattern filesize limit: Sample31.report
[2021-07-05 16:15:07,749] multiqc                                            [DEBUG  ]  File ignored by hicexplorer because it exceeded search pattern filesize limit: Sample31.report
[2021-07-05 16:15:07,749] multiqc                                            [DEBUG  ]  File ignored by nanostat because it exceeded search pattern filesize limit: Sample31.report
[2021-07-05 16:15:07,750] multiqc                                            [DEBUG  ]  File ignored by lima/summary because it exceeded search pattern filesize limit: Sample31.report
[2021-07-05 16:15:07,753] multiqc                                            [DEBUG  ]  File ignored by vep/vep_txt because it exceeded search pattern filesize limit: Sample31.report
[2021-07-05 16:15:07,753] multiqc                                            [DEBUG  ]  File ignored by longranger/invocation because it exceeded search pattern filesize limit: Sample31.report
[2021-07-05 16:15:07,973] multiqc                                            [DEBUG  ]  File ignored by ccs/v4 because it exceeded search pattern filesize limit: Sample3.report
[2021-07-05 16:15:07,975] multiqc                                            [DEBUG  ]  File ignored by hicexplorer because it exceeded search pattern filesize limit: Sample3.report
[2021-07-05 16:15:07,975] multiqc                                            [DEBUG  ]  File ignored by nanostat because it exceeded search pattern filesize limit: Sample3.report
[2021-07-05 16:15:07,975] multiqc                                            [DEBUG  ]  File ignored by lima/summary because it exceeded search pattern filesize limit: Sample3.report
[2021-07-05 16:15:07,978] multiqc                                            [DEBUG  ]  File ignored by vep/vep_txt because it exceeded search pattern filesize limit: Sample3.report
[2021-07-05 16:15:07,979] multiqc                                            [DEBUG  ]  File ignored by longranger/invocation because it exceeded search pattern filesize limit: Sample3.report
[2021-07-05 16:15:08,242] multiqc                                            [DEBUG  ]  File ignored by ccs/v4 because it exceeded search pattern filesize limit: Sample4.report
[2021-07-05 16:15:08,244] multiqc                                            [DEBUG  ]  File ignored by hicexplorer because it exceeded search pattern filesize limit: Sample4.report
[2021-07-05 16:15:08,244] multiqc                                            [DEBUG  ]  File ignored by nanostat because it exceeded search pattern filesize limit: Sample4.report
[2021-07-05 16:15:08,244] multiqc                                            [DEBUG  ]  File ignored by lima/summary because it exceeded search pattern filesize limit: Sample4.report
[2021-07-05 16:15:08,248] multiqc                                            [DEBUG  ]  File ignored by vep/vep_txt because it exceeded search pattern filesize limit: Sample4.report
[2021-07-05 16:15:08,248] multiqc                                            [DEBUG  ]  File ignored by longranger/invocation because it exceeded search pattern filesize limit: Sample4.report
[2021-07-05 16:15:08,471] multiqc                                            [DEBUG  ]  File ignored by ccs/v4 because it exceeded search pattern filesize limit: Sample6.report
[2021-07-05 16:15:08,475] multiqc                                            [DEBUG  ]  File ignored by hicexplorer because it exceeded search pattern filesize limit: Sample6.report
[2021-07-05 16:15:08,475] multiqc                                            [DEBUG  ]  File ignored by nanostat because it exceeded search pattern filesize limit: Sample6.report
[2021-07-05 16:15:08,476] multiqc                                            [DEBUG  ]  File ignored by lima/summary because it exceeded search pattern filesize limit: Sample6.report
[2021-07-05 16:15:08,482] multiqc                                            [DEBUG  ]  File ignored by vep/vep_txt because it exceeded search pattern filesize limit: Sample6.report
[2021-07-05 16:15:08,483] multiqc                                            [DEBUG  ]  File ignored by longranger/invocation because it exceeded search pattern filesize limit: Sample6.report
[2021-07-05 16:15:09,293] multiqc.plots.bargraph                             [DEBUG  ]  Using matplotlib version 3.4.2
[2021-07-05 16:15:09,294] multiqc.plots.linegraph                            [DEBUG  ]  Using matplotlib version 3.4.2
[2021-07-05 16:15:09,296] multiqc                                            [DEBUG  ]  No samples found: custom_content
[2021-07-05 16:15:09,306] multiqc                                            [DEBUG  ]  No samples found: ccs
[2021-07-05 16:15:09,315] multiqc                                            [DEBUG  ]  No samples found: ngsderive
[2021-07-05 16:15:09,324] multiqc                                            [DEBUG  ]  No samples found: purple
[2021-07-05 16:15:09,332] multiqc                                            [DEBUG  ]  No samples found: conpair
[2021-07-05 16:15:09,340] multiqc                                            [DEBUG  ]  No samples found: lima
[2021-07-05 16:15:09,347] multiqc                                            [DEBUG  ]  No samples found: peddy
[2021-07-05 16:15:09,355] multiqc                                            [DEBUG  ]  No samples found: somalier
[2021-07-05 16:15:09,489] multiqc                                            [DEBUG  ]  No samples found: methylQA
[2021-07-05 16:15:09,496] multiqc.modules.mosdepth.mosdepth                  [DEBUG  ]  include_contigs: []
[2021-07-05 16:15:09,496] multiqc.modules.mosdepth.mosdepth                  [DEBUG  ]  exclude_contigs: []
[2021-07-05 16:15:09,497] multiqc                                            [DEBUG  ]  No samples found: mosdepth
[2021-07-05 16:15:09,503] multiqc                                            [DEBUG  ]  No samples found: phantompeakqualtools
[2021-07-05 16:15:09,509] multiqc                                            [DEBUG  ]  No samples found: qualimap
[2021-07-05 16:15:09,515] multiqc                                            [DEBUG  ]  No samples found: preseq
[2021-07-05 16:15:09,522] multiqc                                            [DEBUG  ]  No samples found: quast
[2021-07-05 16:15:09,528] multiqc                                            [DEBUG  ]  No samples found: qorts
[2021-07-05 16:15:09,534] multiqc                                            [DEBUG  ]  No samples found: rna_seqc
[2021-07-05 16:15:09,540] multiqc                                            [DEBUG  ]  No samples found: rockhopper
[2021-07-05 16:15:09,547] multiqc                                            [DEBUG  ]  No samples found: rsem
[2021-07-05 16:15:09,556] multiqc                                            [DEBUG  ]  No samples found: rseqc
[2021-07-05 16:15:09,562] multiqc                                            [DEBUG  ]  No samples found: busco
[2021-07-05 16:15:09,568] multiqc                                            [DEBUG  ]  No samples found: bustools
[2021-07-05 16:15:09,575] multiqc                                            [DEBUG  ]  No samples found: goleft_indexcov
[2021-07-05 16:15:09,581] multiqc                                            [DEBUG  ]  No samples found: gffcompare
[2021-07-05 16:15:09,587] multiqc                                            [DEBUG  ]  No samples found: disambiguate
[2021-07-05 16:15:09,594] multiqc                                            [DEBUG  ]  No samples found: supernova
[2021-07-05 16:15:09,603] multiqc                                            [DEBUG  ]  No samples found: deeptools
[2021-07-05 16:15:09,609] multiqc                                            [DEBUG  ]  No samples found: sargasso
[2021-07-05 16:15:09,616] multiqc                                            [DEBUG  ]  No samples found: verifybamid
[2021-07-05 16:15:09,622] multiqc                                            [DEBUG  ]  No samples found: mirtrace
[2021-07-05 16:15:09,628] multiqc                                            [DEBUG  ]  No samples found: happy
[2021-07-05 16:15:09,635] multiqc                                            [DEBUG  ]  No samples found: mirtop
[2021-07-05 16:15:09,641] multiqc                                            [DEBUG  ]  No samples found: sambamba
[2021-07-05 16:15:09,648] multiqc                                            [DEBUG  ]  No samples found: homer
[2021-07-05 16:15:09,654] multiqc                                            [DEBUG  ]  No samples found: hops
[2021-07-05 16:15:09,661] multiqc                                            [DEBUG  ]  No samples found: macs2
[2021-07-05 16:15:09,667] multiqc                                            [DEBUG  ]  No samples found: theta2
[2021-07-05 16:15:09,674] multiqc                                            [DEBUG  ]  No samples found: snpeff
[2021-07-05 16:15:09,690] multiqc                                            [DEBUG  ]  No samples found: gatk
[2021-07-05 16:15:09,702] multiqc                                            [DEBUG  ]  No samples found: htseq
[2021-07-05 16:15:09,714] multiqc                                            [DEBUG  ]  No samples found: bcftools
[2021-07-05 16:15:09,724] multiqc                                            [DEBUG  ]  No samples found: featureCounts
[2021-07-05 16:15:09,736] multiqc                                            [DEBUG  ]  No samples found: fgbio
[2021-07-05 16:15:09,752] multiqc                                            [DEBUG  ]  No samples found: dragen
[2021-07-05 16:15:09,760] multiqc                                            [DEBUG  ]  No samples found: dedup
[2021-07-05 16:15:09,768] multiqc                                            [DEBUG  ]  No samples found: damageprofiler
[2021-07-05 16:15:09,785] multiqc                                            [DEBUG  ]  No samples found: biobambam2
[2021-07-05 16:15:09,792] multiqc                                            [DEBUG  ]  No samples found: jcvi
[2021-07-05 16:15:09,799] multiqc                                            [DEBUG  ]  No samples found: mtnucratio
[2021-07-05 16:15:09,805] multiqc                                            [DEBUG  ]  No samples found: picard
[2021-07-05 16:15:09,812] multiqc                                            [DEBUG  ]  No samples found: vep
[2021-07-05 16:15:09,819] multiqc                                            [DEBUG  ]  No samples found: sentieon
[2021-07-05 16:15:09,825] multiqc                                            [DEBUG  ]  No samples found: prokka
[2021-07-05 16:15:09,832] multiqc                                            [DEBUG  ]  No samples found: qc3C
[2021-07-05 16:15:09,838] multiqc                                            [DEBUG  ]  No samples found: nanostat
[2021-07-05 16:15:09,845] multiqc                                            [DEBUG  ]  No samples found: samblaster
[2021-07-05 16:15:09,852] multiqc                                            [DEBUG  ]  No samples found: samtools
[2021-07-05 16:15:09,859] multiqc                                            [DEBUG  ]  No samples found: sexdeterrmine
[2021-07-05 16:15:09,865] multiqc                                            [DEBUG  ]  No samples found: eigenstratdatabasetools
[2021-07-05 16:15:09,871] multiqc                                            [DEBUG  ]  No samples found: bamtools
[2021-07-05 16:15:09,878] multiqc                                            [DEBUG  ]  No samples found: jellyfish
[2021-07-05 16:15:09,886] multiqc                                            [DEBUG  ]  No samples found: vcftools
[2021-07-05 16:15:09,900] multiqc                                            [DEBUG  ]  No samples found: longranger
[2021-07-05 16:15:09,912] multiqc                                            [DEBUG  ]  No samples found: stacks
[2021-07-05 16:15:09,924] multiqc                                            [DEBUG  ]  No samples found: varscan2
[2021-07-05 16:15:09,934] multiqc                                            [DEBUG  ]  No samples found: snippy
[2021-07-05 16:15:09,949] multiqc                                            [DEBUG  ]  No samples found: bbmap
[2021-07-05 16:15:09,958] multiqc                                            [DEBUG  ]  No samples found: bismark
[2021-07-05 16:15:09,967] multiqc                                            [DEBUG  ]  No samples found: biscuit
[2021-07-05 16:15:09,975] multiqc                                            [DEBUG  ]  No samples found: hicexplorer
[2021-07-05 16:15:09,983] multiqc                                            [DEBUG  ]  No samples found: hicup
[2021-07-05 16:15:09,991] multiqc                                            [DEBUG  ]  No samples found: hicpro
[2021-07-05 16:15:09,998] multiqc                                            [DEBUG  ]  No samples found: salmon
[2021-07-05 16:15:10,005] multiqc                                            [DEBUG  ]  No samples found: kallisto
[2021-07-05 16:15:10,012] multiqc                                            [DEBUG  ]  No samples found: slamdunk
[2021-07-05 16:15:10,019] multiqc                                            [DEBUG  ]  No samples found: star
[2021-07-05 16:15:10,025] multiqc                                            [DEBUG  ]  No samples found: hisat2
[2021-07-05 16:15:10,032] multiqc                                            [DEBUG  ]  No samples found: tophat
[2021-07-05 16:15:10,038] multiqc                                            [DEBUG  ]  No samples found: bowtie2
[2021-07-05 16:15:10,044] multiqc                                            [DEBUG  ]  No samples found: bowtie1
[2021-07-05 16:15:10,051] multiqc                                            [DEBUG  ]  No samples found: snpsplit
[2021-07-05 16:15:10,057] multiqc                                            [DEBUG  ]  No samples found: odgi
[2021-07-05 16:15:10,063] multiqc                                            [DEBUG  ]  No samples found: pangolin
[2021-07-05 16:15:10,070] multiqc                                            [DEBUG  ]  No samples found: kat
[2021-07-05 16:15:10,076] multiqc                                            [DEBUG  ]  No samples found: leehom
[2021-07-05 16:15:10,082] multiqc                                            [DEBUG  ]  No samples found: adapterRemoval
[2021-07-05 16:15:10,089] multiqc                                            [DEBUG  ]  No samples found: clipandmerge
[2021-07-05 16:15:10,095] multiqc                                            [DEBUG  ]  No samples found: cutadapt
[2021-07-05 16:15:10,132] multiqc                                            [DEBUG  ]  No samples found: flexbar
[2021-07-05 16:15:10,146] multiqc                                            [DEBUG  ]  No samples found: kaiju
[2021-07-05 16:15:10,426] multiqc.modules.kraken.kraken                      [INFO   ]  Found 8 reports
[2021-07-05 16:15:10,783] multiqc                                            [DEBUG  ]  No samples found: malt
[2021-07-05 16:15:10,789] multiqc                                            [DEBUG  ]  No samples found: trimmomatic
[2021-07-05 16:15:10,796] multiqc                                            [DEBUG  ]  No samples found: sickle
[2021-07-05 16:15:10,802] multiqc                                            [DEBUG  ]  No samples found: skewer
[2021-07-05 16:15:10,809] multiqc                                            [DEBUG  ]  No samples found: sortmerna
[2021-07-05 16:15:10,815] multiqc                                            [DEBUG  ]  No samples found: biobloomtools
[2021-07-05 16:15:10,822] multiqc                                            [DEBUG  ]  No samples found: fastq_screen
[2021-07-05 16:15:10,828] multiqc                                            [DEBUG  ]  No samples found: afterqc
[2021-07-05 16:15:10,874] multiqc.modules.fastp.fastp                        [INFO   ]  Found 8 reports
[2021-07-05 16:15:11,069] multiqc                                            [DEBUG  ]  No samples found: fastqc
[2021-07-05 16:15:11,075] multiqc                                            [DEBUG  ]  No samples found: pychopper
[2021-07-05 16:15:11,082] multiqc                                            [DEBUG  ]  No samples found: pycoqc
[2021-07-05 16:15:11,088] multiqc                                            [DEBUG  ]  No samples found: minionqc
[2021-07-05 16:15:11,095] multiqc                                            [DEBUG  ]  No samples found: multivcfanalyzer
[2021-07-05 16:15:11,102] multiqc                                            [DEBUG  ]  No samples found: clusterflow
[2021-07-05 16:15:11,108] multiqc                                            [DEBUG  ]  No samples found: bcl2fastq
[2021-07-05 16:15:11,115] multiqc                                            [DEBUG  ]  No samples found: bclconvert
[2021-07-05 16:15:11,121] multiqc                                            [DEBUG  ]  No samples found: interop
[2021-07-05 16:15:11,128] multiqc                                            [DEBUG  ]  No samples found: ivar
[2021-07-05 16:15:11,134] multiqc                                            [DEBUG  ]  No samples found: flash
[2021-07-05 16:15:11,140] multiqc                                            [DEBUG  ]  No samples found: seqyclean
[2021-07-05 16:15:11,147] multiqc                                            [DEBUG  ]  No samples found: optitype
[2021-07-05 16:15:11,182] multiqc                                            [INFO   ]  Compressing plot data
[2021-07-05 16:15:11,952] multiqc                                            [INFO   ]  Report      : multiqc_report.html
[2021-07-05 16:15:11,953] multiqc                                            [INFO   ]  Data        : multiqc_data
[2021-07-05 16:15:11,953] multiqc                                            [DEBUG  ]  Moving data file from '/tmp/tmp61enqj1m/multiqc_data' to '/data/home/kraken049/kraken-ws/multiqc_data'
[2021-07-05 16:15:12,080] multiqc                                            [INFO   ]  MultiQC complete
